<?xml version="1.0" encoding="UTF-8"?>
<testng-results ignored="0" total="1" passed="1" failed="0" skipped="0">
  <reporter-output>
  </reporter-output>
  <suite started-at="2024-03-23T17:17:03 IST" name="Surefire suite" finished-at="2024-03-23T17:17:10 IST" duration-ms="6924">
    <groups>
    </groups>
    <test started-at="2024-03-23T17:17:03 IST" name="Surefire test" finished-at="2024-03-23T17:17:10 IST" duration-ms="6924">
      <class name="Assesment5.Assesment5.Test5">
        <test-method signature="Test()[pri:0, instance:Assesment5.Assesment5.Test5@366647c2]" started-at="2024-03-23T17:17:03 IST" name="Test" finished-at="2024-03-23T17:17:10 IST" duration-ms="6855" status="PASS">
          <reporter-output>
          </reporter-output>
        </test-method> <!-- Test -->
      </class> <!-- Assesment5.Assesment5.Test5 -->
    </test> <!-- Surefire test -->
  </suite> <!-- Surefire suite -->
</testng-results>
